<?xml version="1.0" encoding="UTF-8"?>
<!-- Generated by org.testng.reporters.JUnitReportReporter -->
<testsuite hostname="DESKTOP-G2292G3" failures="0" tests="2" name="tests.GoogleSearchTest" time="15.209" errors="0" timestamp="2021-10-22T18:00:22 IST" skipped="0">
  <testcase classname="tests.GoogleSearchTest" name="Search" time="8.321"/>
  <system-out/>
  <testcase classname="tests.GoogleSearchTest" name="Search2" time="6.888"/>
  <system-out/>
</testsuite> <!-- tests.GoogleSearchTest -->
