<?xml version="1.0" encoding="UTF-8"?>
<!-- Generated by org.testng.reporters.JUnitReportReporter -->
<testsuite hostname="DESKTOP-G2292G3" failures="0" tests="1" name="tests.FlightBooking" time="54.946" errors="0" timestamp="2021-10-24T23:39:44 IST" skipped="0">
  <testcase classname="tests.FlightBooking" name="book" time="54.946"/>
  <system-out/>
</testsuite> <!-- tests.FlightBooking -->
