<?xml version="1.0" encoding="UTF-8"?>
<!-- Generated by org.testng.reporters.JUnitReportReporter -->
<testsuite hostname="DESKTOP-G2292G3" failures="0" tests="1" name="utils.ExcelUtildata" time="0.000" errors="0" timestamp="2021-10-07T13:21:53 IST" skipped="1">
  <testcase classname="utils.ExcelUtildata" name="test1" time="0.000">
    <skipped/>
  </testcase> <!-- test1 -->
  <system-out/>
</testsuite> <!-- utils.ExcelUtildata -->
